<?xml version="1.0" encoding="UTF-8"?>
<testsuite xmlns:xsi="http://www.w3.org/2001/XMLSchema-instance" xsi:noNamespaceSchemaLocation="https://maven.apache.org/surefire/maven-surefire-plugin/xsd/surefire-test-report-3.0.xsd" version="3.0" name="ExpenseManagerTest" time="0.06" tests="6" errors="0" skipped="0" failures="0">
  <properties>
[...]
</properties>
  <testcase name="testAddExpense" classname="ExpenseManagerTest" time="0.019"/>
  <testcase name="testIsValidDate_CurrentMonth" classname="ExpenseManagerTest" time="0.019"/>
  <testcase name="testIsValidDate_FutureDate" classname="ExpenseManagerTest" time="0.005"/>
  <testcase name="testIsValidDate_PreviousMonth" classname="ExpenseManagerTest" time="0.001"/>
  <testcase name="testIsValidDate_OlderThanOneMonth" classname="ExpenseManagerTest" time="0.0"/>
  <testcase name="testIsValidDate_InvalidDateFormat" classname="ExpenseManagerTest" time="0.0"/>
</testsuite>